生成启动时间为 2018/9/18 8:35:06。
     1>项目“D:\MDPPotentialModel\PotentialModel\PotentialModel\PotentialModel.vcxproj”在节点 2 上(rebuild 个目标)。
     1>_PrepareForClean:
         正在删除文件“Debug\PotentialModel.lastbuildstate”。
       InitializeBuildStatus:
         正在创建“Debug\PotentialModel.unsuccessfulbuild”，因为已指定“AlwaysCreate”。
       ClCompile:
         C:\Program Files (x86)\Microsoft Visual Studio 10.0\VC\bin\CL.exe /c /ZI /nologo /W3 /WX- /Od /Oy- /D WIN32 /D _DEBUG /D _CONSOLE /D _UNICODE /D UNICODE /Gm /EHsc /RTC1 /MDd /GS /fp:precise /Zc:wchar_t /Zc:forScope /Yc"StdAfx.h" /Fp"Debug\PotentialModel.pch" /Fo"Debug\\" /Fd"Debug\vc100.pdb" /Gd /TP /analyze- /errorReport:prompt stdafx.cpp
         stdafx.cpp
         C:\Program Files (x86)\Microsoft Visual Studio 10.0\VC\bin\CL.exe /c /ZI /nologo /W3 /WX- /Od /Oy- /D WIN32 /D _DEBUG /D _CONSOLE /D _UNICODE /D UNICODE /Gm /EHsc /RTC1 /MDd /GS /fp:precise /Zc:wchar_t /Zc:forScope /Yu"StdAfx.h" /Fp"Debug\PotentialModel.pch" /Fo"Debug\\" /Fd"Debug\vc100.pdb" /Gd /TP /analyze- /errorReport:prompt InputData.cpp Matrix.cpp PotentialModel.cpp TrafficModel.cpp
         TrafficModel.cpp
     1>d:\mdppotentialmodel\potentialmodel\potentialmodel\trafficmodel.cpp(123): warning C4244: “初始化”: 从“double”转换到“float”，可能丢失数据
     1>d:\mdppotentialmodel\potentialmodel\potentialmodel\trafficmodel.cpp(124): warning C4244: “初始化”: 从“double”转换到“float”，可能丢失数据
     1>d:\mdppotentialmodel\potentialmodel\potentialmodel\trafficmodel.cpp(342): warning C4244: “=”: 从“double”转换到“int”，可能丢失数据
     1>d:\mdppotentialmodel\potentialmodel\potentialmodel\trafficmodel.cpp(379): warning C4244: “初始化”: 从“double”转换到“float”，可能丢失数据
     1>d:\mdppotentialmodel\potentialmodel\potentialmodel\trafficmodel.cpp(404): warning C4244: “初始化”: 从“double”转换到“int”，可能丢失数据
     1>d:\mdppotentialmodel\potentialmodel\potentialmodel\trafficmodel.cpp(419): warning C4244: “=”: 从“double”转换到“int”，可能丢失数据
     1>d:\mdppotentialmodel\potentialmodel\potentialmodel\trafficmodel.cpp(437): warning C4305: “初始化”: 从“double”到“float”截断
     1>d:\mdppotentialmodel\potentialmodel\potentialmodel\trafficmodel.cpp(438): warning C4305: “初始化”: 从“double”到“float”截断
     1>d:\mdppotentialmodel\potentialmodel\potentialmodel\trafficmodel.cpp(440): warning C4305: “初始化”: 从“double”到“float”截断
     1>d:\mdppotentialmodel\potentialmodel\potentialmodel\trafficmodel.cpp(441): warning C4305: “初始化”: 从“double”到“float”截断
     1>d:\mdppotentialmodel\potentialmodel\potentialmodel\trafficmodel.cpp(445): warning C4305: “=”: 从“double”到“float”截断
     1>d:\mdppotentialmodel\potentialmodel\potentialmodel\trafficmodel.cpp(524): warning C4244: “=”: 从“double”转换到“int”，可能丢失数据
     1>d:\mdppotentialmodel\potentialmodel\potentialmodel\trafficmodel.cpp(540): warning C4244: “=”: 从“double”转换到“float”，可能丢失数据
     1>d:\mdppotentialmodel\potentialmodel\potentialmodel\trafficmodel.cpp(581): warning C4244: “初始化”: 从“double”转换到“int”，可能丢失数据
     1>d:\mdppotentialmodel\potentialmodel\potentialmodel\trafficmodel.cpp(604): warning C4305: “初始化”: 从“double”到“float”截断
     1>d:\mdppotentialmodel\potentialmodel\potentialmodel\trafficmodel.cpp(627): warning C4305: “初始化”: 从“double”到“float”截断
     1>d:\mdppotentialmodel\potentialmodel\potentialmodel\trafficmodel.cpp(628): warning C4305: “初始化”: 从“double”到“float”截断
     1>d:\mdppotentialmodel\potentialmodel\potentialmodel\trafficmodel.cpp(638): warning C4244: “=”: 从“double”转换到“float”，可能丢失数据
     1>d:\mdppotentialmodel\potentialmodel\potentialmodel\trafficmodel.cpp(666): warning C4244: “=”: 从“double”转换到“float”，可能丢失数据
     1>d:\mdppotentialmodel\potentialmodel\potentialmodel\trafficmodel.cpp(670): warning C4244: “=”: 从“double”转换到“float”，可能丢失数据
     1>d:\mdppotentialmodel\potentialmodel\potentialmodel\trafficmodel.cpp(675): warning C4244: “=”: 从“double”转换到“float”，可能丢失数据
     1>d:\mdppotentialmodel\potentialmodel\potentialmodel\trafficmodel.cpp(677): warning C4244: “=”: 从“double”转换到“float”，可能丢失数据
         PotentialModel.cpp
         Matrix.cpp
         InputData.cpp
     1>d:\mdppotentialmodel\potentialmodel\potentialmodel\inputdata.cpp(25): warning C4244: “=”: 从“int”转换到“float”，可能丢失数据
     1>d:\mdppotentialmodel\potentialmodel\potentialmodel\inputdata.cpp(33): warning C4244: “初始化”: 从“double”转换到“int”，可能丢失数据
     1>d:\mdppotentialmodel\potentialmodel\potentialmodel\inputdata.cpp(40): warning C4244: “=”: 从“double”转换到“float”，可能丢失数据
         正在生成代码...
     1>d:\mdppotentialmodel\potentialmodel\potentialmodel\trafficmodel.cpp(520): warning C4700: 使用了未初始化的局部变量“staticObsNum”
       ManifestResourceCompile:
         C:\Program Files (x86)\Microsoft SDKs\Windows\v7.0A\bin\rc.exe /nologo /fo"Debug\PotentialModel.exe.embed.manifest.res" Debug\PotentialModel_manifest.rc 
       Link:
         C:\Program Files (x86)\Microsoft Visual Studio 10.0\VC\bin\link.exe /ERRORREPORT:PROMPT /OUT:"D:\MDPPotentialModel\PotentialModel\Debug\PotentialModel.exe" /INCREMENTAL /NOLOGO kernel32.lib user32.lib gdi32.lib winspool.lib comdlg32.lib advapi32.lib shell32.lib ole32.lib oleaut32.lib uuid.lib odbc32.lib odbccp32.lib /MANIFEST /ManifestFile:"Debug\PotentialModel.exe.intermediate.manifest" /MANIFESTUAC:"level='asInvoker' uiAccess='false'" /DEBUG /PDB:"D:\MDPPotentialModel\PotentialModel\Debug\PotentialModel.pdb" /SUBSYSTEM:CONSOLE /TLBID:1 /DYNAMICBASE /NXCOMPAT /IMPLIB:"D:\MDPPotentialModel\PotentialModel\Debug\PotentialModel.lib" /MACHINE:X86 Debug\PotentialModel.exe.embed.manifest.res
         Debug\InputData.obj
         Debug\Matrix.obj
         Debug\PotentialModel.obj
         Debug\stdafx.obj
         Debug\TrafficModel.obj
       Manifest:
         正在删除文件“Debug\PotentialModel.exe.embed.manifest”。
         C:\Program Files (x86)\Microsoft SDKs\Windows\v7.0A\bin\mt.exe /nologo /verbose /out:"Debug\PotentialModel.exe.embed.manifest" /manifest Debug\PotentialModel.exe.intermediate.manifest
         C:\Program Files (x86)\Microsoft SDKs\Windows\v7.0A\bin\rc.exe /nologo /fo"Debug\PotentialModel.exe.embed.manifest.res" Debug\PotentialModel_manifest.rc 
       LinkEmbedManifest:
         C:\Program Files (x86)\Microsoft Visual Studio 10.0\VC\bin\link.exe /ERRORREPORT:PROMPT /OUT:"D:\MDPPotentialModel\PotentialModel\Debug\PotentialModel.exe" /INCREMENTAL /NOLOGO kernel32.lib user32.lib gdi32.lib winspool.lib comdlg32.lib advapi32.lib shell32.lib ole32.lib oleaut32.lib uuid.lib odbc32.lib odbccp32.lib /MANIFEST /ManifestFile:"Debug\PotentialModel.exe.intermediate.manifest" /MANIFESTUAC:"level='asInvoker' uiAccess='false'" /DEBUG /PDB:"D:\MDPPotentialModel\PotentialModel\Debug\PotentialModel.pdb" /SUBSYSTEM:CONSOLE /TLBID:1 /DYNAMICBASE /NXCOMPAT /IMPLIB:"D:\MDPPotentialModel\PotentialModel\Debug\PotentialModel.lib" /MACHINE:X86 Debug\PotentialModel.exe.embed.manifest.res
         Debug\InputData.obj
         Debug\Matrix.obj
         Debug\PotentialModel.obj
         Debug\stdafx.obj
         Debug\TrafficModel.obj
         PotentialModel.vcxproj -> D:\MDPPotentialModel\PotentialModel\Debug\PotentialModel.exe
       FinalizeBuildStatus:
         正在删除文件“Debug\PotentialModel.unsuccessfulbuild”。
         正在对“Debug\PotentialModel.lastbuildstate”执行 Touch 任务。
     1>已完成生成项目“D:\MDPPotentialModel\PotentialModel\PotentialModel\PotentialModel.vcxproj”(rebuild 个目标)的操作。

生成成功。

已用时间 00:00:04.00
