D:\MDPPOTENTIALMODEL\POTENTIALMODEL\DEBUG\POTENTIALMODEL.EXE
D:\MDPPOTENTIALMODEL\POTENTIALMODEL\DEBUG\POTENTIALMODEL.ILK
D:\MDPPOTENTIALMODEL\POTENTIALMODEL\DEBUG\POTENTIALMODEL.PDB
D:\MDPPotentialModel\PotentialModel\PotentialModel\Debug\cl.command.1.tlog
D:\MDPPotentialModel\PotentialModel\PotentialModel\Debug\CL.read.1.tlog
D:\MDPPotentialModel\PotentialModel\PotentialModel\Debug\CL.write.1.tlog
D:\MDPPOTENTIALMODEL\POTENTIALMODEL\POTENTIALMODEL\DEBUG\INPUTDATA.OBJ
D:\MDPPotentialModel\PotentialModel\PotentialModel\Debug\link.10308.read.1.tlog
D:\MDPPotentialModel\PotentialModel\PotentialModel\Debug\link.10308.write.1.tlog
D:\MDPPotentialModel\PotentialModel\PotentialModel\Debug\link.10308-cvtres.read.1.tlog
D:\MDPPotentialModel\PotentialModel\PotentialModel\Debug\link.10308-cvtres.write.1.tlog
D:\MDPPotentialModel\PotentialModel\PotentialModel\Debug\link.command.1.tlog
D:\MDPPotentialModel\PotentialModel\PotentialModel\Debug\link.read.1.tlog
D:\MDPPotentialModel\PotentialModel\PotentialModel\Debug\link.write.1.tlog
D:\MDPPotentialModel\PotentialModel\PotentialModel\Debug\link-cvtres.read.1.tlog
D:\MDPPotentialModel\PotentialModel\PotentialModel\Debug\link-cvtres.write.1.tlog
D:\MDPPOTENTIALMODEL\POTENTIALMODEL\POTENTIALMODEL\DEBUG\MATRIX.OBJ
D:\MDPPotentialModel\PotentialModel\PotentialModel\Debug\mt.command.1.tlog
D:\MDPPotentialModel\PotentialModel\PotentialModel\Debug\mt.read.1.tlog
D:\MDPPotentialModel\PotentialModel\PotentialModel\Debug\mt.write.1.tlog
D:\MDPPOTENTIALMODEL\POTENTIALMODEL\POTENTIALMODEL\DEBUG\POTENTIALMODEL.EXE.EMBED.MANIFEST
D:\MDPPOTENTIALMODEL\POTENTIALMODEL\POTENTIALMODEL\DEBUG\POTENTIALMODEL.EXE.EMBED.MANIFEST.RES
D:\MDPPOTENTIALMODEL\POTENTIALMODEL\POTENTIALMODEL\DEBUG\POTENTIALMODEL.EXE.INTERMEDIATE.MANIFEST
D:\MDPPOTENTIALMODEL\POTENTIALMODEL\POTENTIALMODEL\DEBUG\POTENTIALMODEL.OBJ
D:\MDPPOTENTIALMODEL\POTENTIALMODEL\POTENTIALMODEL\DEBUG\POTENTIALMODEL.PCH
D:\MDPPotentialModel\PotentialModel\PotentialModel\Debug\PotentialModel.write.1.tlog
D:\MDPPotentialModel\PotentialModel\PotentialModel\Debug\PotentialModel_manifest.rc
D:\MDPPotentialModel\PotentialModel\PotentialModel\Debug\rc.command.1.tlog
D:\MDPPotentialModel\PotentialModel\PotentialModel\Debug\rc.read.1.tlog
D:\MDPPotentialModel\PotentialModel\PotentialModel\Debug\rc.write.1.tlog
D:\MDPPOTENTIALMODEL\POTENTIALMODEL\POTENTIALMODEL\DEBUG\STDAFX.OBJ
D:\MDPPOTENTIALMODEL\POTENTIALMODEL\POTENTIALMODEL\DEBUG\TRAFFICMODEL.OBJ
D:\MDPPotentialModel\PotentialModel\PotentialModel\Debug\vc100.idb
D:\MDPPOTENTIALMODEL\POTENTIALMODEL\POTENTIALMODEL\DEBUG\VC100.PDB
